<?xml version="1.0" encoding="UTF-8"?>
<robot generator="Robot 7.1.1 (Python 3.12.7 on win32)" generated="2024-10-23T10:40:10.962315" rpa="false" schemaversion="5">
<suite id="s1" name="Demo3 Suite" source="c:\RobotframeworkTraining\Test\robot_suite\demo3_suite.robot">
<test id="s1-t1" name="TC3" line="11">
<kw name="Log" owner="BuiltIn">
<msg time="2024-10-23T10:40:11.012463" level="INFO">C:\Users\rahuly\AppData\Local\Temp</msg>
<arg>${TEMPDIR}</arg>
<doc>Logs the given message with the given level.</doc>
<status status="PASS" start="2024-10-23T10:40:11.012463" elapsed="0.004255"/>
</kw>
<kw name="List Files In Directory" owner="OperatingSystem">
<msg time="2024-10-23T10:40:11.017716" level="INFO" html="true">Listing contents of directory '&lt;a href="file://C:\Users\rahuly"&gt;C:\Users\rahuly&lt;/a&gt;'.</msg>
<msg time="2024-10-23T10:40:11.025346" level="INFO">13 files:
.gitconfig
F letter program.py
Maximumname.py
NETSH
NTUSER.DAT
NTUSER.DAT{a2332f18-cdbf-11ec-8680-002248483d79}.TM.blf
NTUSER.DAT{a2332f18-cdbf-11ec-8680-002248483d79}.TMContainer00000000000000000001.regtrans-ms
NTUSER.DAT{a2332f18-cdbf-11ec-8680-002248483d79}.TMContainer00000000000000000002.regtrans-ms
Test.py
f print.py
ntuser.dat.LOG1
ntuser.dat.LOG2
ntuser.ini</msg>
<msg time="2024-10-23T10:40:11.025346" level="INFO">@{files} = [ .gitconfig | F letter program.py | Maximumname.py | NETSH | NTUSER.DAT | NTUSER.DAT{a2332f18-cdbf-11ec-8680-002248483d79}.TM.blf | NTUSER.DAT{a2332f18-cdbf-11ec-8680-002248483d79}.TMContainer0000000...</msg>
<var>@{files}</var>
<arg>C:${/}Users${/}rahuly</arg>
<doc>Wrapper for `List Directory` that returns only files.</doc>
<status status="PASS" start="2024-10-23T10:40:11.017716" elapsed="0.007630"/>
</kw>
<kw name="Log To Console" owner="BuiltIn">
<arg>${files}</arg>
<doc>Logs the given message to the console.</doc>
<status status="PASS" start="2024-10-23T10:40:11.026565" elapsed="0.001012"/>
</kw>
<status status="PASS" start="2024-10-23T10:40:11.011468" elapsed="0.017114"/>
</test>
<status status="PASS" start="2024-10-23T10:40:10.969561" elapsed="0.061072"/>
</suite>
<statistics>
<total>
<stat pass="1" fail="0" skip="0">All Tests</stat>
</total>
<tag>
</tag>
<suite>
<stat pass="1" fail="0" skip="0" id="s1" name="Demo3 Suite">Demo3 Suite</stat>
</suite>
</statistics>
<errors>
</errors>
</robot>
